Log file open, 12/28/20 14:36:52
LogWindows: Failed to load 'aqProf.dll' (GetLastError=126)
LogWindows: File 'aqProf.dll' does not exist
LogWindows: Failed to load 'VSPerf140.dll' (GetLastError=126)
LogWindows: File 'VSPerf140.dll' does not exist
LogWindows: Failed to load 'VtuneApi.dll' (GetLastError=126)
LogWindows: File 'VtuneApi.dll' does not exist
LogWindows: Failed to load 'VtuneApi32e.dll' (GetLastError=126)
LogWindows: File 'VtuneApi32e.dll' does not exist
LogPlatformFile: Not using cached read wrapper
LogInit: Display: RandInit(-383610582) SRandInit(-383610582).
LogTaskGraph: Started task graph with 4 named threads and 7 total threads with 1 sets of task threads.
LogInit: Build: ++UE4+Release-4.17-CL-3658906
LogInit: Engine Version: 4.17.2-3658906+++UE4+Release-4.17
LogInit: Compatible Engine Version: 4.17.0-3573198+++UE4+Release-4.17
LogInit: Net CL: 3573198
LogDevObjectVersion: Number of dev versions registered: 16
LogDevObjectVersion:   Dev-Blueprints (B0D832E4-1F89-4F0D-ACCF-7EB736FD4AA2): 10
LogDevObjectVersion:   Dev-Build (E1C64328-A22C-4D53-A36C-8E866417BD8C): 0
LogDevObjectVersion:   Dev-Core (375EC13C-06E4-48FB-B500-84F0262A717E): 2
LogDevObjectVersion:   Dev-Editor (E4B068ED-F494-42E9-A231-DA0B2E46BB41): 20
LogDevObjectVersion:   Dev-Framework (CFFC743F-43B0-4480-9391-14DF171D2073): 28
LogDevObjectVersion:   Dev-Mobile (B02B49B5-BB20-44E9-A304-32B752E40360): 0
LogDevObjectVersion:   Dev-Networking (A4E4105C-59A1-49B5-A7C5-40C4547EDFEE): 0
LogDevObjectVersion:   Dev-Online (39C831C9-5AE6-47DC-9A44-9C173E1C8E7C): 0
LogDevObjectVersion:   Dev-Physics (78F01B33-EBEA-4F98-B9B4-84EACCB95AA2): 0
LogDevObjectVersion:   Dev-Platform (6631380F-2D4D-43E0-8009-CF276956A95A): 0
LogDevObjectVersion:   Dev-Rendering (12F88B9F-8875-4AFC-A67C-D90C383ABD29): 19
LogDevObjectVersion:   Dev-Sequencer (7B5AE74C-D270-4C10-A958-57980B212A5A): 4
LogDevObjectVersion:   Dev-VR (D7296918-1DD6-4BDD-9DE2-64A83CC13884): 0
LogDevObjectVersion:   Dev-LoadTimes (C2A15278-BFE7-4AFE-6C17-90FF531DF755): 1
LogDevObjectVersion:   Private-Geometry (6EACA3D4-40EC-4CC1-B786-8BED09428FC5): 1
LogDevObjectVersion:   Dev-AnimPhys (29E575DD-E0A3-4627-9D10-D276232CDCEA): 7
LogInit: Compiled (64-bit): Sep 22 2017 13:49:05
LogInit: Compiled with Visual C++: 19.00.24215.01
LogInit: Build Configuration: Development
LogInit: Branch Name: ++UE4+Release-4.17
LogInit: Command line: "G:\Modding\DBFZ\FZ Tools\FZ Tools\Unreal_Pak\Unreal Pak\pakchunk2-WindowsNoEditor.pak" -create=filelist.txt -compress
LogInit: Base directory: G:/Modding/DBFZ/FZ Tools/FZ Tools/Unreal_Pak/Unreal Pak/
LogInit: Installed Engine Build: 0
LogInit: Computer: STEFFEN-PC
LogInit: User: Steffen
LogInit: CPU Page size=4096, Cores=4
LogInit: High frequency timer resolution =3.418037 MHz
LogMemory: Memory total: Physical=8.0GB (8GB approx)
LogMemory: Platform Memory Stats for Windows
LogMemory: Process Physical Memory: 14.50 MB used, 14.50 MB peak
LogMemory: Process Virtual Memory: 50.21 MB used, 50.21 MB peak
LogMemory: Physical Memory: 5488.74 MB used,  2652.11 MB free, 8140.86 MB total
LogMemory: Virtual Memory: 141.28 MB used,  2652.11 MB free, 8388608.00 MB total
LogInit: Using OS detected language ().
LogInit: Using OS detected locale ().
LogPaths: Warning: No paths for game localization data were specifed in the game configuration.
LogInit: Warning: No paths for engine localization data were specifed in the engine configuration.
LogTextLocalizationManager: No localization for '' exists, so 'en' will be used for the language.
LogTextLocalizationManager: No localization for '' exists, so 'en' will be used for the locale.
LogPakFile: Display: Loading response file filelist.txt
LogPakFile: Added file Source: G:/Modding/DBFZ/FZ Tools/FZ Tools/Unreal_Pak/Unreal Pak/pakchunk2-WindowsNoEditor/*.* Dest: ../../../
LogPakFile: Display: Added 1 entries to add to pak file.
LogPakFile: Display: Collecting files to add to pak file...
LogPakFile: Display: Collected 6 files in 0.00s.
LogPakFile: Added compressed file "CEN/Common/Data/BBS_CEN.uasset", 52.17% of original size. Compressed Size 313 bytes, Original Size 600 bytes (order 268435456).
LogPakFile: Added compressed file "GKS/Common/Data/BBS_GKS.uasset", 52.17% of original size. Compressed Size 313 bytes, Original Size 600 bytes (order 268435456).
LogPakFile: Added compressed file "NPN/Common/Data/BBS_NPN.uasset", 52.17% of original size. Compressed Size 313 bytes, Original Size 600 bytes (order 268435456).
LogPakFile: Added compressed file "CEN/Common/Data/BBS_CEN.uexp", 12.53% of original size. Compressed Size 25349 bytes, Original Size 202264 bytes (order 536870912).
LogPakFile: Added compressed file "GKS/Common/Data/BBS_GKS.uexp", 12.17% of original size. Compressed Size 26462 bytes, Original Size 217356 bytes (order 536870912).
LogPakFile: Added compressed file "NPN/Common/Data/BBS_NPN.uexp", 14.17% of original size. Compressed Size 22693 bytes, Original Size 160176 bytes (order 536870912).
LogPakFile: Display: Added 6 files, 76860 bytes total, time 0.04s.
LogPakFile: Display: Compression summary: 12.97% of original size. Compressed Size 75443 bytes, Original Size 581596 bytes. 
LogPakFile: Display: Unreal pak executed in 0.044861 seconds
LogExit: Preparing to exit.
LogExit: Exiting.
Log file closed, 12/28/20 14:36:52
